<?xml version="1.0" encoding="UTF-8"?>
<!-- Generated by org.testng.reporters.JUnitXMLReporter -->
<testsuite ignored="0" hostname="DESKTOP-V42ENEG" failures="0" tests="4" name="Test" time="0.041" errors="0" timestamp="2023-10-18T15:18:41 IST">
  <testcase classname="TestNG.TestNGdemo" name="test1" time="0.005"/>
  <testcase classname="TestNG.TestNGdemo" name="test2" time="0.002"/>
  <testcase classname="TestNG.TestNGdemo" name="test3" time="0.004"/>
  <testcase classname="TestNG.TestNGdemo" name="test4" time="0.001"/>
</testsuite> <!-- Test -->
